<?xml version="1.0" encoding="UTF-8" standalone="yes"?>
<testsuites name="ACTPOL-552" time="194" tests="0" failures="1" errors="0">
    <testsuite name="ACTPOL-552" tests="0" failures="1" errors="0" time="194" timestamp="2019-08-27 14:04:46" hostname="user4 - 10.20.20.6" id="Test Suites/Release 6.6/ACTPOL-552">
        <properties>
            <property name="deviceName" value=""/>
            <property name="devicePlatform" value=""/>
            <property name="logFolder" value="C:\\Users\\user4\\git\\ACTPOL\\Reports\\20190827_140405\\Release 6.6\\ACTPOL-552\\20190827_140434"/>
            <property name="logFiles" value="C:\\Users\\user4\\git\\ACTPOL\\Reports\\20190827_140405\\Release 6.6\\ACTPOL-552\\20190827_140434\\execution0.log"/>
            <property name="attachments" value="C:\\Users\\user4\\git\\ACTPOL\\Reports\\20190827_140405\\Release 6.6\\ACTPOL-552\\20190827_140434\\1566895054570.png, C:\\Users\\user4\\git\\ACTPOL\\Reports\\20190827_140405\\Release 6.6\\ACTPOL-552\\20190827_140434\\1566895080013.png"/>
            <property name="hostName" value="user4 - 10.20.20.6"/>
            <property name="os" value="Windows 8.1 64bit"/>
            <property name="katalonVersion" value="6.3.2.1"/>
            <property name="browser" value="Chrome 76.0.3809.100"/>
            <property name="hostAddress" value="10.20.20.6"/>
            <property name="sessionId" value="99c89bbfd50343572b0ca24ce4ca13b1"/>
            <property name="seleniumVersion" value="3.141.59"/>
            <property name="proxyInformation" value="ProxyInformation{proxyOption=NO_PROXY, proxyServerType=HTTP, password=, proxyServerAddress=, proxyServerPort=0}"/>
            <property name="platform" value="Windows 8.1"/>
        </properties>
        <testcase name="Test Cases/JIRA Tasks/Release 6.6/ACTPOL-552" classname="Test Cases/JIRA Tasks/Release 6.6/ACTPOL-552" status="FAILED">
            <failure type="FAILED" message="Test Cases/JIRA Tasks/Release 6.6/ACTPOL-552 FAILED.&#xA;Reason:&#xA;com.kms.katalon.core.exception.StepFailedException: Unable to click on object 'Object Repository/JIRA/A Relese 6.6/ACTPOL-552/Melding TAB'&#xD;&#xA;&#x9;at com.kms.katalon.core.webui.keyword.internal.WebUIKeywordMain.stepFailed(WebUIKeywordMain.groovy:64)&#xD;&#xA;&#x9;at com.kms.katalon.core.webui.keyword.internal.WebUIKeywordMain.runKeyword(WebUIKeywordMain.groovy:26)&#xD;&#xA;&#x9;at com.kms.katalon.core.webui.keyword.builtin.ClickKeyword.click(ClickKeyword.groovy:86)&#xD;&#xA;&#x9;at com.kms.katalon.core.webui.keyword.builtin.ClickKeyword.execute(ClickKeyword.groovy:67)&#xD;&#xA;&#x9;at com.kms.katalon.core.keyword.internal.KeywordExecutor.executeKeywordForPlatform(KeywordExecutor.groovy:56)&#xD;&#xA;&#x9;at com.kms.katalon.core.webui.keyword.WebUiBuiltInKeywords.click(WebUiBuiltInKeywords.groovy:616)&#xD;&#xA;&#x9;at com.kms.katalon.core.webui.keyword.WebUiBuiltInKeywords$click$6.call(Unknown Source)&#xD;&#xA;&#x9;at ACTPOL-552.run(ACTPOL-552:137)&#xD;&#xA;&#x9;at com.kms.katalon.core.main.ScriptEngine.run(ScriptEngine.java:194)&#xD;&#xA;&#x9;at com.kms.katalon.core.main.ScriptEngine.runScriptAsRawText(ScriptEngine.java:119)&#xD;&#xA;&#x9;at com.kms.katalon.core.main.TestCaseExecutor.runScript(TestCaseExecutor.java:337)&#xD;&#xA;&#x9;at com.kms.katalon.core.main.TestCaseExecutor.doExecute(TestCaseExecutor.java:328)&#xD;&#xA;&#x9;at com.kms.katalon.core.main.TestCaseExecutor.processExecutionPhase(TestCaseExecutor.java:307)&#xD;&#xA;&#x9;at com.kms.katalon.core.main.TestCaseExecutor.accessMainPhase(TestCaseExecutor.java:299)&#xD;&#xA;&#x9;at com.kms.katalon.core.main.TestCaseExecutor.execute(TestCaseExecutor.java:233)&#xD;&#xA;&#x9;at com.kms.katalon.core.main.TestSuiteExecutor.accessTestCaseMainPhase(TestSuiteExecutor.java:169)&#xD;&#xA;&#x9;at com.kms.katalon.core.main.TestSuiteExecutor.accessTestSuiteMainPhase(TestSuiteExecutor.java:142)&#xD;&#xA;&#x9;at com.kms.katalon.core.main.TestSuiteExecutor.execute(TestSuiteExecutor.java:91)&#xD;&#xA;&#x9;at com.kms.katalon.core.main.TestCaseMain.startTestSuite(TestCaseMain.java:157)&#xD;&#xA;&#x9;at com.kms.katalon.core.main.TestCaseMain$startTestSuite$0.call(Unknown Source)&#xD;&#xA;&#x9;at TempTestSuite1566894879499.run(TempTestSuite1566894879499.groovy:35)&#xD;&#xA;Caused by: com.kms.katalon.core.webui.exception.WebElementNotFoundException: Web element with id: 'Object Repository/JIRA/A Relese 6.6/ACTPOL-552/Melding TAB' located by 'By.xpath: //*[@title = 'Melding/Melder/Dispatch']' not found&#xD;&#xA;&#x9;at com.kms.katalon.core.webui.common.WebUiCommonHelper.findWebElement(WebUiCommonHelper.java:1097)&#xD;&#xA;&#x9;at com.kms.katalon.core.webui.keyword.internal.WebUIAbstractKeyword.findWebElement(WebUIAbstractKeyword.groovy:27)&#xD;&#xA;&#x9;at com.kms.katalon.core.webui.keyword.internal.WebUIAbstractKeyword.findWebElement(WebUIAbstractKeyword.groovy:26)&#xD;&#xA;&#x9;at com.kms.katalon.core.webui.keyword.builtin.ClickKeyword$_click_closure1.doCall(ClickKeyword.groovy:77)&#xD;&#xA;&#x9;at com.kms.katalon.core.webui.keyword.builtin.ClickKeyword$_click_closure1.call(ClickKeyword.groovy)&#xD;&#xA;&#x9;at com.kms.katalon.core.webui.keyword.internal.WebUIKeywordMain.runKeyword(WebUIKeywordMain.groovy:20)&#xD;&#xA;&#x9;... 19 more&#xD;&#xA;"/>
            <system-out>2019-08-27 14:04:47 - [TEST_CASE][FAILED] - Test Cases/JIRA Tasks/Release 6.6/ACTPOL-552: Test Cases/JIRA Tasks/Release 6.6/ACTPOL-552 FAILED.
Reason:
com.kms.katalon.core.exception.StepFailedException: Unable to click on object 'Object Repository/JIRA/A Relese 6.6/ACTPOL-552/Melding TAB'&#xD;
	at com.kms.katalon.core.webui.keyword.internal.WebUIKeywordMain.stepFailed(WebUIKeywordMain.groovy:64)&#xD;
	at com.kms.katalon.core.webui.keyword.internal.WebUIKeywordMain.runKeyword(WebUIKeywordMain.groovy:26)&#xD;
	at com.kms.katalon.core.webui.keyword.builtin.ClickKeyword.click(ClickKeyword.groovy:86)&#xD;
	at com.kms.katalon.core.webui.keyword.builtin.ClickKeyword.execute(ClickKeyword.groovy:67)&#xD;
	at com.kms.katalon.core.keyword.internal.KeywordExecutor.executeKeywordForPlatform(KeywordExecutor.groovy:56)&#xD;
	at com.kms.katalon.core.webui.keyword.WebUiBuiltInKeywords.click(WebUiBuiltInKeywords.groovy:616)&#xD;
	at com.kms.katalon.core.webui.keyword.WebUiBuiltInKeywords$click$6.call(Unknown Source)&#xD;
	at ACTPOL-552.run(ACTPOL-552:137)&#xD;
	at com.kms.katalon.core.main.ScriptEngine.run(ScriptEngine.java:194)&#xD;
	at com.kms.katalon.core.main.ScriptEngine.runScriptAsRawText(ScriptEngine.java:119)&#xD;
	at com.kms.katalon.core.main.TestCaseExecutor.runScript(TestCaseExecutor.java:337)&#xD;
	at com.kms.katalon.core.main.TestCaseExecutor.doExecute(TestCaseExecutor.java:328)&#xD;
	at com.kms.katalon.core.main.TestCaseExecutor.processExecutionPhase(TestCaseExecutor.java:307)&#xD;
	at com.kms.katalon.core.main.TestCaseExecutor.accessMainPhase(TestCaseExecutor.java:299)&#xD;
	at com.kms.katalon.core.main.TestCaseExecutor.execute(TestCaseExecutor.java:233)&#xD;
	at com.kms.katalon.core.main.TestSuiteExecutor.accessTestCaseMainPhase(TestSuiteExecutor.java:169)&#xD;
	at com.kms.katalon.core.main.TestSuiteExecutor.accessTestSuiteMainPhase(TestSuiteExecutor.java:142)&#xD;
	at com.kms.katalon.core.main.TestSuiteExecutor.execute(TestSuiteExecutor.java:91)&#xD;
	at com.kms.katalon.core.main.TestCaseMain.startTestSuite(TestCaseMain.java:157)&#xD;
	at com.kms.katalon.core.main.TestCaseMain$startTestSuite$0.call(Unknown Source)&#xD;
	at TempTestSuite1566894879499.run(TempTestSuite1566894879499.groovy:35)&#xD;
Caused by: com.kms.katalon.core.webui.exception.WebElementNotFoundException: Web element with id: 'Object Repository/JIRA/A Relese 6.6/ACTPOL-552/Melding TAB' located by 'By.xpath: //*[@title = 'Melding/Melder/Dispatch']' not found&#xD;
	at com.kms.katalon.core.webui.common.WebUiCommonHelper.findWebElement(WebUiCommonHelper.java:1097)&#xD;
	at com.kms.katalon.core.webui.keyword.internal.WebUIAbstractKeyword.findWebElement(WebUIAbstractKeyword.groovy:27)&#xD;
	at com.kms.katalon.core.webui.keyword.internal.WebUIAbstractKeyword.findWebElement(WebUIAbstractKeyword.groovy:26)&#xD;
	at com.kms.katalon.core.webui.keyword.builtin.ClickKeyword$_click_closure1.doCall(ClickKeyword.groovy:77)&#xD;
	at com.kms.katalon.core.webui.keyword.builtin.ClickKeyword$_click_closure1.call(ClickKeyword.groovy)&#xD;
	at com.kms.katalon.core.webui.keyword.internal.WebUIKeywordMain.runKeyword(WebUIKeywordMain.groovy:20)&#xD;
	... 19 more&#xD;
&#xD;
&#xD;
2019-08-27 14:04:48 - [TEST_STEP][PASSED] - callTestCase(findTestCase("main/Actpol_Login_testenv"), [:], STOP_ON_FAILURE): Call Test Case 'Test Cases/main/Actpol_Login_testenv' successfully&#xD;
&#xD;
2019-08-27 14:04:49 - [TEST_CASE][PASSED] - Test Cases/main/Actpol_Login_testenv: Test Cases/main/Actpol_Login_testenv&#xD;
&#xD;
2019-08-27 14:04:49 - [TEST_STEP][PASSED] - openBrowser(""): Browser is opened with url: ''&#xD;
&#xD;
2019-08-27 14:04:50 - [MESSAGE][INFO] - Starting 'Chrome' driver&#xD;
&#xD;
2019-08-27 14:04:50 - [MESSAGE][INFO] - Action delay is set to 0 seconds&#xD;
&#xD;
2019-08-27 14:05:11 - [MESSAGE][PASSED] - Browser is opened with url: ''&#xD;
&#xD;
2019-08-27 14:05:11 - [TEST_STEP][PASSED] - deleteAllCookies(): Delete all cookies successfully&#xD;
&#xD;
2019-08-27 14:05:11 - [MESSAGE][PASSED] - Delete all cookies successfully&#xD;
&#xD;
2019-08-27 14:05:11 - [TEST_STEP][PASSED] - waitForPageLoad(30): Wait for page load successfully&#xD;
&#xD;
2019-08-27 14:05:11 - [MESSAGE][PASSED] - Wait for page load successfully&#xD;
&#xD;
2019-08-27 14:05:11 - [TEST_STEP][PASSED] - maximizeWindow(): Current window maximized&#xD;
&#xD;
2019-08-27 14:05:12 - [MESSAGE][PASSED] - Current window maximized&#xD;
&#xD;
2019-08-27 14:05:12 - [TEST_STEP][PASSED] - ACTPOLTESTENV = 1: null&#xD;
&#xD;
2019-08-27 14:05:12 - [TEST_STEP][PASSED] - ACTPOLDEVENV = 2: null&#xD;
&#xD;
2019-08-27 14:05:12 - [TEST_STEP][PASSED] - ACTPOLKCENV = 3: null&#xD;
&#xD;
2019-08-27 14:05:12 - [TEST_STEP][PASSED] - ACTPOLKBKPCNENV = 4: null&#xD;
&#xD;
2019-08-27 14:05:12 - [TEST_STEP][PASSED] - ACTPOLKBKMARENV = 5: null&#xD;
&#xD;
2019-08-27 14:05:12 - [TEST_STEP][PASSED] - ACTPOLKMENV = 6: null&#xD;
&#xD;
2019-08-27 14:05:12 - [TEST_STEP][PASSED] - ACTPOLKWENV = 7: null&#xD;
&#xD;
2019-08-27 14:05:12 - [TEST_STEP][PASSED] - environment = ACTPOLTESTENV: null&#xD;
&#xD;
2019-08-27 14:05:12 - [TEST_STEP][PASSED] - Selectenv = &lt;not implemented yet for class: org.codehaus.groovy.ast.expr.EmptyExpression&gt;: null&#xD;
&#xD;
2019-08-27 14:05:12 - [TEST_STEP][PASSED] - switch (environment): null&#xD;
&#xD;
2019-08-27 14:05:13 - [TEST_STEP][PASSED] - case 1:: null&#xD;
&#xD;
2019-08-27 14:05:13 - [TEST_STEP][PASSED] - println(Selectenv = "ACTPOL-TEST-ENV"): null&#xD;
&#xD;
2019-08-27 14:05:13 - [TEST_STEP][PASSED] - navigateToUrl(TESTURL): Navigate to 'http://10.20.10.7:8185/actpoltst/nxmenu.pgm?docnum=551' successfully&#xD;
&#xD;
2019-08-27 14:05:26 - [MESSAGE][PASSED] - Navigate to 'http://10.20.10.7:8185/actpoltst/nxmenu.pgm?docnum=551' successfully&#xD;
&#xD;
2019-08-27 14:05:26 - [TEST_STEP][PASSED] - setText(findTestObject("Actpol_Scripts/login/userid"), username): Text 'vidhya' is set on object 'Object Repository/Actpol_Scripts/login/userid'&#xD;
&#xD;
2019-08-27 14:05:33 - [MESSAGE][PASSED] - Text 'vidhya' is set on object 'Object Repository/Actpol_Scripts/login/userid'&#xD;
&#xD;
2019-08-27 14:05:33 - [TEST_STEP][PASSED] - setMaskedText(findTestObject("Actpol_Scripts/login/password"), password): Text '********' is set on object 'Object Repository/Actpol_Scripts/login/password'&#xD;
&#xD;
2019-08-27 14:05:33 - [MESSAGE][PASSED] - Text '********' is set on object 'Object Repository/Actpol_Scripts/login/password'&#xD;
&#xD;
2019-08-27 14:05:33 - [TEST_STEP][PASSED] - click(findTestObject("Actpol_Scripts/login/login")): Object: 'Object Repository/Actpol_Scripts/login/login' is clicked on&#xD;
&#xD;
2019-08-27 14:05:34 - [MESSAGE][PASSED] - Object: 'Object Repository/Actpol_Scripts/login/login' is clicked on&#xD;
&#xD;
2019-08-27 14:05:34 - [TEST_STEP][PASSED] - getWindowTitle(): Current window's title is: 'Login Page for ACTPOL Test'&#xD;
&#xD;
2019-08-27 14:05:34 - [MESSAGE][PASSED] - Current window's title is: 'Login Page for ACTPOL Test'&#xD;
&#xD;
2019-08-27 14:05:34 - [TEST_STEP][PASSED] - break: null&#xD;
&#xD;
2019-08-27 14:05:34 - [MESSAGE][PASSED] - Call Test Case 'Test Cases/main/Actpol_Login_testenv' successfully&#xD;
&#xD;
2019-08-27 14:05:34 - [TEST_STEP][PASSED] - mouseOver(findTestObject("Actpol_Scripts/Menu navigation/Generiek/Generiek")): Object: 'Object Repository/Actpol_Scripts/Menu navigation/Generiek/Generiek' is hovered&#xD;
&#xD;
2019-08-27 14:05:51 - [MESSAGE][PASSED] - Object: 'Object Repository/Actpol_Scripts/Menu navigation/Generiek/Generiek' is hovered&#xD;
&#xD;
2019-08-27 14:05:51 - [TEST_STEP][PASSED] - delay(2): Delayed 2 second(s)&#xD;
&#xD;
2019-08-27 14:05:53 - [MESSAGE][PASSED] - Delayed 2 second(s)&#xD;
&#xD;
2019-08-27 14:05:53 - [TEST_STEP][PASSED] - click(findTestObject("Actpol_Scripts/Menu navigation/Generiek/Assistenties")): Object: 'Object Repository/Actpol_Scripts/Menu navigation/Generiek/Assistenties' is clicked on&#xD;
&#xD;
2019-08-27 14:05:57 - [MESSAGE][PASSED] - Object: 'Object Repository/Actpol_Scripts/Menu navigation/Generiek/Assistenties' is clicked on&#xD;
&#xD;
2019-08-27 14:05:57 - [TEST_STEP][PASSED] - delay(2): Delayed 2 second(s)&#xD;
&#xD;
2019-08-27 14:05:59 - [MESSAGE][PASSED] - Delayed 2 second(s)&#xD;
&#xD;
2019-08-27 14:05:59 - [TEST_STEP][PASSED] - click(findTestObject("Actpol_Scripts/Generiek/Assistentie/Assistentie New")): Object: 'Object Repository/Actpol_Scripts/Generiek/Assistentie/Assistentie New' is clicked on&#xD;
&#xD;
2019-08-27 14:06:14 - [MESSAGE][PASSED] - Object: 'Object Repository/Actpol_Scripts/Generiek/Assistentie/Assistentie New' is clicked on&#xD;
&#xD;
2019-08-27 14:06:14 - [TEST_STEP][PASSED] - delay(5): Delayed 5 second(s)&#xD;
&#xD;
2019-08-27 14:06:19 - [MESSAGE][PASSED] - Delayed 5 second(s)&#xD;
&#xD;
2019-08-27 14:06:19 - [TEST_STEP][PASSED] - click(findTestObject("Actpol_Scripts/Generiek/Assistentie/Bron")): Object: 'Object Repository/Actpol_Scripts/Generiek/Assistentie/Bron' is clicked on&#xD;
&#xD;
2019-08-27 14:06:19 - [MESSAGE][PASSED] - Object: 'Object Repository/Actpol_Scripts/Generiek/Assistentie/Bron' is clicked on&#xD;
&#xD;
2019-08-27 14:06:19 - [TEST_STEP][PASSED] - delay(2): Delayed 2 second(s)&#xD;
&#xD;
2019-08-27 14:06:21 - [MESSAGE][PASSED] - Delayed 2 second(s)&#xD;
&#xD;
2019-08-27 14:06:21 - [TEST_STEP][PASSED] - click(findTestObject("Actpol_Scripts/Generiek/Assistentie/Born lb")): Object: 'Object Repository/Actpol_Scripts/Generiek/Assistentie/Born lb' is clicked on&#xD;
&#xD;
2019-08-27 14:06:22 - [MESSAGE][PASSED] - Object: 'Object Repository/Actpol_Scripts/Generiek/Assistentie/Born lb' is clicked on&#xD;
&#xD;
2019-08-27 14:06:22 - [TEST_STEP][PASSED] - setText(findTestObject("Actpol_Scripts/Generiek/Assistentie/Telefoon nummer"), "9999999999", OPTIONAL): Text '9999999999' is set on object 'Object Repository/Actpol_Scripts/Generiek/Assistentie/Telefoon nummer'&#xD;
&#xD;
2019-08-27 14:06:23 - [MESSAGE][PASSED] - Text '9999999999' is set on object 'Object Repository/Actpol_Scripts/Generiek/Assistentie/Telefoon nummer'&#xD;
&#xD;
2019-08-27 14:06:23 - [TEST_STEP][PASSED] - setText(findTestObject("Actpol_Scripts/Generiek/Assistentie/Titel"), "Testing test"): Text 'Testing test' is set on object 'Object Repository/Actpol_Scripts/Generiek/Assistentie/Titel'&#xD;
&#xD;
2019-08-27 14:06:24 - [MESSAGE][PASSED] - Text 'Testing test' is set on object 'Object Repository/Actpol_Scripts/Generiek/Assistentie/Titel'&#xD;
&#xD;
2019-08-27 14:06:24 - [TEST_STEP][PASSED] - selectOptionByValue(findTestObject("Actpol_Scripts/Generiek/Assistentie/Lokatie type"), "1", false): All options with value '1' are selected in object 'Object Repository/Actpol_Scripts/Generiek/Assistentie/Lokatie type' &#xD;
&#xD;
2019-08-27 14:06:25 - [MESSAGE][PASSED] - All options with value '1' are selected in object 'Object Repository/Actpol_Scripts/Generiek/Assistentie/Lokatie type' &#xD;
&#xD;
2019-08-27 14:06:25 - [TEST_STEP][PASSED] - delay(2): Delayed 2 second(s)&#xD;
&#xD;
2019-08-27 14:06:27 - [MESSAGE][PASSED] - Delayed 2 second(s)&#xD;
&#xD;
2019-08-27 14:06:27 - [TEST_STEP][PASSED] - click(findTestObject("Actpol_Scripts/Generiek/Assistentie/Incident Adres")): Object: 'Object Repository/Actpol_Scripts/Generiek/Assistentie/Incident Adres' is clicked on&#xD;
&#xD;
2019-08-27 14:06:27 - [MESSAGE][PASSED] - Object: 'Object Repository/Actpol_Scripts/Generiek/Assistentie/Incident Adres' is clicked on&#xD;
&#xD;
2019-08-27 14:06:27 - [TEST_STEP][PASSED] - delay(2): Delayed 2 second(s)&#xD;
&#xD;
2019-08-27 14:06:29 - [MESSAGE][PASSED] - Delayed 2 second(s)&#xD;
&#xD;
2019-08-27 14:06:29 - [TEST_STEP][PASSED] - click(findTestObject("Actpol_Scripts/Generiek/Assistentie/Incident Adres lb")): Object: 'Object Repository/Actpol_Scripts/Generiek/Assistentie/Incident Adres lb' is clicked on&#xD;
&#xD;
2019-08-27 14:06:30 - [MESSAGE][PASSED] - Object: 'Object Repository/Actpol_Scripts/Generiek/Assistentie/Incident Adres lb' is clicked on&#xD;
&#xD;
2019-08-27 14:06:30 - [TEST_STEP][PASSED] - delay(5): Delayed 5 second(s)&#xD;
&#xD;
2019-08-27 14:06:35 - [MESSAGE][PASSED] - Delayed 5 second(s)&#xD;
&#xD;
2019-08-27 14:06:35 - [TEST_STEP][PASSED] - click(findTestObject("Actpol_Scripts/Generiek/Assistentie/ter hoogte van"), OPTIONAL): Object: 'Object Repository/Actpol_Scripts/Generiek/Assistentie/ter hoogte van' is clicked on&#xD;
&#xD;
2019-08-27 14:06:36 - [MESSAGE][PASSED] - Object: 'Object Repository/Actpol_Scripts/Generiek/Assistentie/ter hoogte van' is clicked on&#xD;
&#xD;
2019-08-27 14:06:36 - [TEST_STEP][PASSED] - setText(findTestObject("Actpol_Scripts/Generiek/Assistentie/Nadere Aanduiding"), "Testing"): Text 'Testing' is set on object 'Object Repository/Actpol_Scripts/Generiek/Assistentie/Nadere Aanduiding'&#xD;
&#xD;
2019-08-27 14:06:36 - [MESSAGE][PASSED] - Text 'Testing' is set on object 'Object Repository/Actpol_Scripts/Generiek/Assistentie/Nadere Aanduiding'&#xD;
&#xD;
2019-08-27 14:06:36 - [TEST_STEP][PASSED] - delay(5): Delayed 5 second(s)&#xD;
&#xD;
2019-08-27 14:06:41 - [MESSAGE][PASSED] - Delayed 5 second(s)&#xD;
&#xD;
2019-08-27 14:06:41 - [TEST_STEP][PASSED] - click(findTestObject("Actpol_Scripts/Generiek/Assistentie/Incident")): Object: 'Object Repository/Actpol_Scripts/Generiek/Assistentie/Incident' is clicked on&#xD;
&#xD;
2019-08-27 14:06:42 - [MESSAGE][PASSED] - Object: 'Object Repository/Actpol_Scripts/Generiek/Assistentie/Incident' is clicked on&#xD;
&#xD;
2019-08-27 14:06:42 - [TEST_STEP][PASSED] - delay(2): Delayed 2 second(s)&#xD;
&#xD;
2019-08-27 14:06:44 - [MESSAGE][PASSED] - Delayed 2 second(s)&#xD;
&#xD;
2019-08-27 14:06:44 - [TEST_STEP][PASSED] - click(findTestObject("Actpol_Scripts/Generiek/Assistentie/Incident Lb")): Object: 'Object Repository/Actpol_Scripts/Generiek/Assistentie/Incident Lb' is clicked on&#xD;
&#xD;
2019-08-27 14:06:45 - [MESSAGE][PASSED] - Object: 'Object Repository/Actpol_Scripts/Generiek/Assistentie/Incident Lb' is clicked on&#xD;
&#xD;
2019-08-27 14:06:45 - [TEST_STEP][PASSED] - delay(5): Delayed 5 second(s)&#xD;
&#xD;
2019-08-27 14:06:50 - [MESSAGE][PASSED] - Delayed 5 second(s)&#xD;
&#xD;
2019-08-27 14:06:50 - [TEST_STEP][PASSED] - click(findTestObject("Actpol_Scripts/Generiek/Assistentie/Relationeel Geweld")): Object: 'Object Repository/Actpol_Scripts/Generiek/Assistentie/Relationeel Geweld' is clicked on&#xD;
&#xD;
2019-08-27 14:06:50 - [MESSAGE][PASSED] - Object: 'Object Repository/Actpol_Scripts/Generiek/Assistentie/Relationeel Geweld' is clicked on&#xD;
&#xD;
2019-08-27 14:06:50 - [TEST_STEP][PASSED] - delay(5): Delayed 5 second(s)&#xD;
&#xD;
2019-08-27 14:06:55 - [MESSAGE][PASSED] - Delayed 5 second(s)&#xD;
&#xD;
2019-08-27 14:06:55 - [TEST_STEP][PASSED] - click(findTestObject("Actpol_Scripts/Generiek/Assistentie/Poging")): Object: 'Object Repository/Actpol_Scripts/Generiek/Assistentie/Poging' is clicked on&#xD;
&#xD;
2019-08-27 14:06:56 - [MESSAGE][PASSED] - Object: 'Object Repository/Actpol_Scripts/Generiek/Assistentie/Poging' is clicked on&#xD;
&#xD;
2019-08-27 14:06:56 - [TEST_STEP][PASSED] - selectOptionByValue(findTestObject("Actpol_Scripts/Generiek/Assistentie/Melding Prioriteit"), "3", false): All options with value '3' are selected in object 'Object Repository/Actpol_Scripts/Generiek/Assistentie/Melding Prioriteit' &#xD;
&#xD;
2019-08-27 14:06:56 - [MESSAGE][PASSED] - All options with value '3' are selected in object 'Object Repository/Actpol_Scripts/Generiek/Assistentie/Melding Prioriteit' &#xD;
&#xD;
2019-08-27 14:06:56 - [TEST_STEP][PASSED] - click(findTestObject("Actpol_Scripts/Generiek/Assistentie/Dispatch ja"), OPTIONAL): Object: 'Object Repository/Actpol_Scripts/Generiek/Assistentie/Dispatch ja' is clicked on&#xD;
&#xD;
2019-08-27 14:06:58 - [MESSAGE][PASSED] - Object: 'Object Repository/Actpol_Scripts/Generiek/Assistentie/Dispatch ja' is clicked on&#xD;
&#xD;
2019-08-27 14:06:58 - [TEST_STEP][PASSED] - click(findTestObject("Actpol_Scripts/Generiek/Assistentie/Contact verzoek ja"), OPTIONAL): Object: 'Object Repository/Actpol_Scripts/Generiek/Assistentie/Contact verzoek ja' is clicked on&#xD;
&#xD;
2019-08-27 14:06:58 - [MESSAGE][PASSED] - Object: 'Object Repository/Actpol_Scripts/Generiek/Assistentie/Contact verzoek ja' is clicked on&#xD;
&#xD;
2019-08-27 14:06:58 - [TEST_STEP][PASSED] - delay(1): Delayed 1 second(s)&#xD;
&#xD;
2019-08-27 14:06:59 - [MESSAGE][PASSED] - Delayed 1 second(s)&#xD;
&#xD;
2019-08-27 14:06:59 - [TEST_STEP][PASSED] - click(findTestObject("Actpol_Scripts/Generiek/Assistentie/Aangewezen aan")): Object: 'Object Repository/Actpol_Scripts/Generiek/Assistentie/Aangewezen aan' is clicked on&#xD;
&#xD;
2019-08-27 14:07:00 - [MESSAGE][PASSED] - Object: 'Object Repository/Actpol_Scripts/Generiek/Assistentie/Aangewezen aan' is clicked on&#xD;
&#xD;
2019-08-27 14:07:00 - [TEST_STEP][PASSED] - delay(2): Delayed 2 second(s)&#xD;
&#xD;
2019-08-27 14:07:02 - [MESSAGE][PASSED] - Delayed 2 second(s)&#xD;
&#xD;
2019-08-27 14:07:02 - [TEST_STEP][PASSED] - click(findTestObject("Actpol_Scripts/Generiek/Assistentie/Aangewezen aan lb")): Object: 'Object Repository/Actpol_Scripts/Generiek/Assistentie/Aangewezen aan lb' is clicked on&#xD;
&#xD;
2019-08-27 14:07:03 - [MESSAGE][PASSED] - Object: 'Object Repository/Actpol_Scripts/Generiek/Assistentie/Aangewezen aan lb' is clicked on&#xD;
&#xD;
2019-08-27 14:07:03 - [TEST_STEP][PASSED] - delay(1): Delayed 1 second(s)&#xD;
&#xD;
2019-08-27 14:07:04 - [MESSAGE][PASSED] - Delayed 1 second(s)&#xD;
&#xD;
2019-08-27 14:07:04 - [TEST_STEP][PASSED] - selectOptionByValue(findTestObject("Actpol_Scripts/Generiek/Assistentie/Eiland"), "SXM", false): All options with value 'SXM' are selected in object 'Object Repository/Actpol_Scripts/Generiek/Assistentie/Eiland' &#xD;
&#xD;
2019-08-27 14:07:04 - [MESSAGE][PASSED] - All options with value 'SXM' are selected in object 'Object Repository/Actpol_Scripts/Generiek/Assistentie/Eiland' &#xD;
&#xD;
2019-08-27 14:07:04 - [TEST_STEP][PASSED] - scrollToPosition(29, 7): Browser is scrolled to position x = 29, y = 7&#xD;
&#xD;
2019-08-27 14:07:04 - [MESSAGE][PASSED] - Browser is scrolled to position x = 29, y = 7&#xD;
&#xD;
2019-08-27 14:07:04 - [TEST_STEP][PASSED] - delay(2): Delayed 2 second(s)&#xD;
&#xD;
2019-08-27 14:07:06 - [MESSAGE][PASSED] - Delayed 2 second(s)&#xD;
&#xD;
2019-08-27 14:07:06 - [TEST_STEP][PASSED] - click(findTestObject("Actpol_Scripts/Generiek/Assistentie/Melding")): Object: 'Object Repository/Actpol_Scripts/Generiek/Assistentie/Melding' is clicked on&#xD;
&#xD;
2019-08-27 14:07:07 - [MESSAGE][PASSED] - Object: 'Object Repository/Actpol_Scripts/Generiek/Assistentie/Melding' is clicked on&#xD;
&#xD;
2019-08-27 14:07:07 - [TEST_STEP][PASSED] - delay(1): Delayed 1 second(s)&#xD;
&#xD;
2019-08-27 14:07:08 - [MESSAGE][PASSED] - Delayed 1 second(s)&#xD;
&#xD;
2019-08-27 14:07:08 - [TEST_STEP][PASSED] - click(findTestObject("Actpol_Scripts/Generiek/Assistentie/Melder")): Object: 'Object Repository/Actpol_Scripts/Generiek/Assistentie/Melder' is clicked on&#xD;
&#xD;
2019-08-27 14:07:08 - [MESSAGE][PASSED] - Object: 'Object Repository/Actpol_Scripts/Generiek/Assistentie/Melder' is clicked on&#xD;
&#xD;
2019-08-27 14:07:08 - [TEST_STEP][PASSED] - delay(1): Delayed 1 second(s)&#xD;
&#xD;
2019-08-27 14:07:09 - [MESSAGE][PASSED] - Delayed 1 second(s)&#xD;
&#xD;
2019-08-27 14:07:09 - [TEST_STEP][PASSED] - selectOptionByLabel(findTestObject("Actpol_Scripts/Generiek/Assistentie/Rol-Proces"), "AANGEVER", false): All options with label 'AANGEVER' are selected in object 'Object Repository/Actpol_Scripts/Generiek/Assistentie/Rol-Proces' &#xD;
&#xD;
2019-08-27 14:07:10 - [MESSAGE][PASSED] - All options with label 'AANGEVER' are selected in object 'Object Repository/Actpol_Scripts/Generiek/Assistentie/Rol-Proces' &#xD;
&#xD;
2019-08-27 14:07:10 - [TEST_STEP][PASSED] - click(findTestObject("Actpol_Scripts/Generiek/Assistentie/Achternaam")): Object: 'Object Repository/Actpol_Scripts/Generiek/Assistentie/Achternaam' is clicked on&#xD;
&#xD;
2019-08-27 14:07:18 - [MESSAGE][PASSED] - Object: 'Object Repository/Actpol_Scripts/Generiek/Assistentie/Achternaam' is clicked on&#xD;
&#xD;
2019-08-27 14:07:18 - [TEST_STEP][PASSED] - delay(2): Delayed 2 second(s)&#xD;
&#xD;
2019-08-27 14:07:20 - [MESSAGE][PASSED] - Delayed 2 second(s)&#xD;
&#xD;
2019-08-27 14:07:20 - [TEST_STEP][PASSED] - click(findTestObject("Actpol_Scripts/Generiek/Assistentie/Resultaat Personen bestand person selection")): Object: 'Object Repository/Actpol_Scripts/Generiek/Assistentie/Resultaat Personen bestand person selection' is clicked on&#xD;
&#xD;
2019-08-27 14:07:21 - [MESSAGE][PASSED] - Object: 'Object Repository/Actpol_Scripts/Generiek/Assistentie/Resultaat Personen bestand person selection' is clicked on&#xD;
&#xD;
2019-08-27 14:07:21 - [TEST_STEP][PASSED] - scrollToPosition(0, 21): Browser is scrolled to position x = 0, y = 21&#xD;
&#xD;
2019-08-27 14:07:21 - [MESSAGE][PASSED] - Browser is scrolled to position x = 0, y = 21&#xD;
&#xD;
2019-08-27 14:07:21 - [TEST_STEP][PASSED] - delay(3): Delayed 3 second(s)&#xD;
&#xD;
2019-08-27 14:07:24 - [MESSAGE][PASSED] - Delayed 3 second(s)&#xD;
&#xD;
2019-08-27 14:07:24 - [TEST_STEP][PASSED] - click(findTestObject("Actpol_Scripts/Generiek/Assistentie/Melder")): Object: 'Object Repository/Actpol_Scripts/Generiek/Assistentie/Melder' is clicked on&#xD;
&#xD;
2019-08-27 14:07:24 - [MESSAGE][PASSED] - Object: 'Object Repository/Actpol_Scripts/Generiek/Assistentie/Melder' is clicked on&#xD;
&#xD;
2019-08-27 14:07:24 - [TEST_STEP][PASSED] - delay(1): Delayed 1 second(s)&#xD;
&#xD;
2019-08-27 14:07:25 - [MESSAGE][PASSED] - Delayed 1 second(s)&#xD;
&#xD;
2019-08-27 14:07:25 - [TEST_STEP][PASSED] - click(findTestObject("Actpol_Scripts/Generiek/Assistentie/Save melding")): Object: 'Object Repository/Actpol_Scripts/Generiek/Assistentie/Save melding' is clicked on&#xD;
&#xD;
2019-08-27 14:07:26 - [MESSAGE][PASSED] - Object: 'Object Repository/Actpol_Scripts/Generiek/Assistentie/Save melding' is clicked on&#xD;
&#xD;
2019-08-27 14:07:26 - [TEST_STEP][PASSED] - delay(8): Delayed 8 second(s)&#xD;
&#xD;
2019-08-27 14:07:34 - [MESSAGE][PASSED] - Delayed 8 second(s)&#xD;
&#xD;
2019-08-27 14:07:34 - [TEST_STEP][PASSED] - takeScreenshot(): Taking screenshot successfully&#xD;
&#xD;
2019-08-27 14:07:35 - [MESSAGE][PASSED] - Taking screenshot successfully&#xD;
[[ATTACHMENT|C:\\Users\\user4\\git\\ACTPOL\\Reports\\20190827_140405\\Release 6.6\\ACTPOL-552\\20190827_140434\\1566895054570.png]]&#xD;
&#xD;
2019-08-27 14:07:35 - [TEST_STEP][PASSED] - delay(3): Delayed 3 second(s)&#xD;
&#xD;
2019-08-27 14:07:38 - [MESSAGE][PASSED] - Delayed 3 second(s)&#xD;
&#xD;
2019-08-27 14:07:38 - [TEST_STEP][FAILED] - click(findTestObject("JIRA/A Relese 6.6/ACTPOL-552/Melding TAB")): Unable to click on object 'Object Repository/JIRA/A Relese 6.6/ACTPOL-552/Melding TAB' (Root cause: com.kms.katalon.core.exception.StepFailedException: Unable to click on object 'Object Repository/JIRA/A Relese 6.6/ACTPOL-552/Melding TAB'&#xD;
	at com.kms.katalon.core.webui.keyword.internal.WebUIKeywordMain.stepFailed(WebUIKeywordMain.groovy:64)&#xD;
	at com.kms.katalon.core.webui.keyword.internal.WebUIKeywordMain.runKeyword(WebUIKeywordMain.groovy:26)&#xD;
	at com.kms.katalon.core.webui.keyword.builtin.ClickKeyword.click(ClickKeyword.groovy:86)&#xD;
	at com.kms.katalon.core.webui.keyword.builtin.ClickKeyword.execute(ClickKeyword.groovy:67)&#xD;
	at com.kms.katalon.core.keyword.internal.KeywordExecutor.executeKeywordForPlatform(KeywordExecutor.groovy:56)&#xD;
	at com.kms.katalon.core.webui.keyword.WebUiBuiltInKeywords.click(WebUiBuiltInKeywords.groovy:616)&#xD;
	at com.kms.katalon.core.webui.keyword.WebUiBuiltInKeywords$click$6.call(Unknown Source)&#xD;
	at ACTPOL-552.run(ACTPOL-552:137)&#xD;
	at com.kms.katalon.core.main.ScriptEngine.run(ScriptEngine.java:194)&#xD;
	at com.kms.katalon.core.main.ScriptEngine.runScriptAsRawText(ScriptEngine.java:119)&#xD;
	at com.kms.katalon.core.main.TestCaseExecutor.runScript(TestCaseExecutor.java:337)&#xD;
	at com.kms.katalon.core.main.TestCaseExecutor.doExecute(TestCaseExecutor.java:328)&#xD;
	at com.kms.katalon.core.main.TestCaseExecutor.processExecutionPhase(TestCaseExecutor.java:307)&#xD;
	at com.kms.katalon.core.main.TestCaseExecutor.accessMainPhase(TestCaseExecutor.java:299)&#xD;
	at com.kms.katalon.core.main.TestCaseExecutor.execute(TestCaseExecutor.java:233)&#xD;
	at com.kms.katalon.core.main.TestSuiteExecutor.accessTestCaseMainPhase(TestSuiteExecutor.java:169)&#xD;
	at com.kms.katalon.core.main.TestSuiteExecutor.accessTestSuiteMainPhase(TestSuiteExecutor.java:142)&#xD;
	at com.kms.katalon.core.main.TestSuiteExecutor.execute(TestSuiteExecutor.java:91)&#xD;
	at com.kms.katalon.core.main.TestCaseMain.startTestSuite(TestCaseMain.java:157)&#xD;
	at com.kms.katalon.core.main.TestCaseMain$startTestSuite$0.call(Unknown Source)&#xD;
	at TempTestSuite1566894879499.run(TempTestSuite1566894879499.groovy:35)&#xD;
Caused by: com.kms.katalon.core.webui.exception.WebElementNotFoundException: Web element with id: 'Object Repository/JIRA/A Relese 6.6/ACTPOL-552/Melding TAB' located by 'By.xpath: //*[@title = 'Melding/Melder/Dispatch']' not found&#xD;
	at com.kms.katalon.core.webui.common.WebUiCommonHelper.findWebElement(WebUiCommonHelper.java:1097)&#xD;
	at com.kms.katalon.core.webui.keyword.internal.WebUIAbstractKeyword.findWebElement(WebUIAbstractKeyword.groovy:27)&#xD;
	at com.kms.katalon.core.webui.keyword.internal.WebUIAbstractKeyword.findWebElement(WebUIAbstractKeyword.groovy:26)&#xD;
	at com.kms.katalon.core.webui.keyword.builtin.ClickKeyword$_click_closure1.doCall(ClickKeyword.groovy:77)&#xD;
	at com.kms.katalon.core.webui.keyword.builtin.ClickKeyword$_click_closure1.call(ClickKeyword.groovy)&#xD;
	at com.kms.katalon.core.webui.keyword.internal.WebUIKeywordMain.runKeyword(WebUIKeywordMain.groovy:20)&#xD;
	at com.kms.katalon.core.webui.keyword.builtin.ClickKeyword.click(ClickKeyword.groovy:86)&#xD;
	at com.kms.katalon.core.webui.keyword.builtin.ClickKeyword.execute(ClickKeyword.groovy:67)&#xD;
	at com.kms.katalon.core.keyword.internal.KeywordExecutor.executeKeywordForPlatform(KeywordExecutor.groovy:56)&#xD;
	at com.kms.katalon.core.webui.keyword.WebUiBuiltInKeywords.click(WebUiBuiltInKeywords.groovy:616)&#xD;
	at com.kms.katalon.core.webui.keyword.WebUiBuiltInKeywords$click$6.call(Unknown Source)&#xD;
	at Script1566567456589.run(Script1566567456589.groovy:137)&#xD;
	... 13 more&#xD;
)&#xD;
&#xD;
2019-08-27 14:07:59 - [MESSAGE][INFO] - Unable to find the element located by 'By.xpath: //*[@title = 'Melding/Melder/Dispatch']'. Please recheck the objects properties to make sure the desired element is located. &#xD;
&#xD;
2019-08-27 14:08:00 - [MESSAGE][FAILED] - Unable to click on object 'Object Repository/JIRA/A Relese 6.6/ACTPOL-552/Melding TAB' (Root cause: com.kms.katalon.core.exception.StepFailedException: Unable to click on object 'Object Repository/JIRA/A Relese 6.6/ACTPOL-552/Melding TAB'&#xD;
	at com.kms.katalon.core.webui.keyword.internal.WebUIKeywordMain.stepFailed(WebUIKeywordMain.groovy:64)&#xD;
	at com.kms.katalon.core.webui.keyword.internal.WebUIKeywordMain.runKeyword(WebUIKeywordMain.groovy:26)&#xD;
	at com.kms.katalon.core.webui.keyword.builtin.ClickKeyword.click(ClickKeyword.groovy:86)&#xD;
	at com.kms.katalon.core.webui.keyword.builtin.ClickKeyword.execute(ClickKeyword.groovy:67)&#xD;
	at com.kms.katalon.core.keyword.internal.KeywordExecutor.executeKeywordForPlatform(KeywordExecutor.groovy:56)&#xD;
	at com.kms.katalon.core.webui.keyword.WebUiBuiltInKeywords.click(WebUiBuiltInKeywords.groovy:616)&#xD;
	at com.kms.katalon.core.webui.keyword.WebUiBuiltInKeywords$click$6.call(Unknown Source)&#xD;
	at ACTPOL-552.run(ACTPOL-552:137)&#xD;
	at com.kms.katalon.core.main.ScriptEngine.run(ScriptEngine.java:194)&#xD;
	at com.kms.katalon.core.main.ScriptEngine.runScriptAsRawText(ScriptEngine.java:119)&#xD;
	at com.kms.katalon.core.main.TestCaseExecutor.runScript(TestCaseExecutor.java:337)&#xD;
	at com.kms.katalon.core.main.TestCaseExecutor.doExecute(TestCaseExecutor.java:328)&#xD;
	at com.kms.katalon.core.main.TestCaseExecutor.processExecutionPhase(TestCaseExecutor.java:307)&#xD;
	at com.kms.katalon.core.main.TestCaseExecutor.accessMainPhase(TestCaseExecutor.java:299)&#xD;
	at com.kms.katalon.core.main.TestCaseExecutor.execute(TestCaseExecutor.java:233)&#xD;
	at com.kms.katalon.core.main.TestSuiteExecutor.accessTestCaseMainPhase(TestSuiteExecutor.java:169)&#xD;
	at com.kms.katalon.core.main.TestSuiteExecutor.accessTestSuiteMainPhase(TestSuiteExecutor.java:142)&#xD;
	at com.kms.katalon.core.main.TestSuiteExecutor.execute(TestSuiteExecutor.java:91)&#xD;
	at com.kms.katalon.core.main.TestCaseMain.startTestSuite(TestCaseMain.java:157)&#xD;
	at com.kms.katalon.core.main.TestCaseMain$startTestSuite$0.call(Unknown Source)&#xD;
	at TempTestSuite1566894879499.run(TempTestSuite1566894879499.groovy:35)&#xD;
Caused by: com.kms.katalon.core.webui.exception.WebElementNotFoundException: Web element with id: 'Object Repository/JIRA/A Relese 6.6/ACTPOL-552/Melding TAB' located by 'By.xpath: //*[@title = 'Melding/Melder/Dispatch']' not found&#xD;
	at com.kms.katalon.core.webui.common.WebUiCommonHelper.findWebElement(WebUiCommonHelper.java:1097)&#xD;
	at com.kms.katalon.core.webui.keyword.internal.WebUIAbstractKeyword.findWebElement(WebUIAbstractKeyword.groovy:27)&#xD;
	at com.kms.katalon.core.webui.keyword.internal.WebUIAbstractKeyword.findWebElement(WebUIAbstractKeyword.groovy:26)&#xD;
	at com.kms.katalon.core.webui.keyword.builtin.ClickKeyword$_click_closure1.doCall(ClickKeyword.groovy:77)&#xD;
	at com.kms.katalon.core.webui.keyword.builtin.ClickKeyword$_click_closure1.call(ClickKeyword.groovy)&#xD;
	at com.kms.katalon.core.webui.keyword.internal.WebUIKeywordMain.runKeyword(WebUIKeywordMain.groovy:20)&#xD;
	at com.kms.katalon.core.webui.keyword.builtin.ClickKeyword.click(ClickKeyword.groovy:86)&#xD;
	at com.kms.katalon.core.webui.keyword.builtin.ClickKeyword.execute(ClickKeyword.groovy:67)&#xD;
	at com.kms.katalon.core.keyword.internal.KeywordExecutor.executeKeywordForPlatform(KeywordExecutor.groovy:56)&#xD;
	at com.kms.katalon.core.webui.keyword.WebUiBuiltInKeywords.click(WebUiBuiltInKeywords.groovy:616)&#xD;
	at com.kms.katalon.core.webui.keyword.WebUiBuiltInKeywords$click$6.call(Unknown Source)&#xD;
	at Script1566567456589.run(Script1566567456589.groovy:137)&#xD;
	... 13 more&#xD;
)&#xD;
[[ATTACHMENT|C:\\Users\\user4\\git\\ACTPOL\\Reports\\20190827_140405\\Release 6.6\\ACTPOL-552\\20190827_140434\\1566895080013.png]]</system-out>
            <system-err>2019-08-27 14:04:47 - [TEST_CASE][FAILED] - Test Cases/JIRA Tasks/Release 6.6/ACTPOL-552: Test Cases/JIRA Tasks/Release 6.6/ACTPOL-552 FAILED.
Reason:
com.kms.katalon.core.exception.StepFailedException: Unable to click on object 'Object Repository/JIRA/A Relese 6.6/ACTPOL-552/Melding TAB'&#xD;
	at com.kms.katalon.core.webui.keyword.internal.WebUIKeywordMain.stepFailed(WebUIKeywordMain.groovy:64)&#xD;
	at com.kms.katalon.core.webui.keyword.internal.WebUIKeywordMain.runKeyword(WebUIKeywordMain.groovy:26)&#xD;
	at com.kms.katalon.core.webui.keyword.builtin.ClickKeyword.click(ClickKeyword.groovy:86)&#xD;
	at com.kms.katalon.core.webui.keyword.builtin.ClickKeyword.execute(ClickKeyword.groovy:67)&#xD;
	at com.kms.katalon.core.keyword.internal.KeywordExecutor.executeKeywordForPlatform(KeywordExecutor.groovy:56)&#xD;
	at com.kms.katalon.core.webui.keyword.WebUiBuiltInKeywords.click(WebUiBuiltInKeywords.groovy:616)&#xD;
	at com.kms.katalon.core.webui.keyword.WebUiBuiltInKeywords$click$6.call(Unknown Source)&#xD;
	at ACTPOL-552.run(ACTPOL-552:137)&#xD;
	at com.kms.katalon.core.main.ScriptEngine.run(ScriptEngine.java:194)&#xD;
	at com.kms.katalon.core.main.ScriptEngine.runScriptAsRawText(ScriptEngine.java:119)&#xD;
	at com.kms.katalon.core.main.TestCaseExecutor.runScript(TestCaseExecutor.java:337)&#xD;
	at com.kms.katalon.core.main.TestCaseExecutor.doExecute(TestCaseExecutor.java:328)&#xD;
	at com.kms.katalon.core.main.TestCaseExecutor.processExecutionPhase(TestCaseExecutor.java:307)&#xD;
	at com.kms.katalon.core.main.TestCaseExecutor.accessMainPhase(TestCaseExecutor.java:299)&#xD;
	at com.kms.katalon.core.main.TestCaseExecutor.execute(TestCaseExecutor.java:233)&#xD;
	at com.kms.katalon.core.main.TestSuiteExecutor.accessTestCaseMainPhase(TestSuiteExecutor.java:169)&#xD;
	at com.kms.katalon.core.main.TestSuiteExecutor.accessTestSuiteMainPhase(TestSuiteExecutor.java:142)&#xD;
	at com.kms.katalon.core.main.TestSuiteExecutor.execute(TestSuiteExecutor.java:91)&#xD;
	at com.kms.katalon.core.main.TestCaseMain.startTestSuite(TestCaseMain.java:157)&#xD;
	at com.kms.katalon.core.main.TestCaseMain$startTestSuite$0.call(Unknown Source)&#xD;
	at TempTestSuite1566894879499.run(TempTestSuite1566894879499.groovy:35)&#xD;
Caused by: com.kms.katalon.core.webui.exception.WebElementNotFoundException: Web element with id: 'Object Repository/JIRA/A Relese 6.6/ACTPOL-552/Melding TAB' located by 'By.xpath: //*[@title = 'Melding/Melder/Dispatch']' not found&#xD;
	at com.kms.katalon.core.webui.common.WebUiCommonHelper.findWebElement(WebUiCommonHelper.java:1097)&#xD;
	at com.kms.katalon.core.webui.keyword.internal.WebUIAbstractKeyword.findWebElement(WebUIAbstractKeyword.groovy:27)&#xD;
	at com.kms.katalon.core.webui.keyword.internal.WebUIAbstractKeyword.findWebElement(WebUIAbstractKeyword.groovy:26)&#xD;
	at com.kms.katalon.core.webui.keyword.builtin.ClickKeyword$_click_closure1.doCall(ClickKeyword.groovy:77)&#xD;
	at com.kms.katalon.core.webui.keyword.builtin.ClickKeyword$_click_closure1.call(ClickKeyword.groovy)&#xD;
	at com.kms.katalon.core.webui.keyword.internal.WebUIKeywordMain.runKeyword(WebUIKeywordMain.groovy:20)&#xD;
	... 19 more</system-err>
        </testcase>
        <system-out>2019-08-27 14:04:46 - [TEST_SUITE][INCOMPLETE] - ACTPOL-552: null</system-out>
        <system-err>2019-08-27 14:04:46 - [TEST_SUITE][INCOMPLETE] - ACTPOL-552: null</system-err>
    </testsuite>
</testsuites>
